gcc  -nostdinc -g  -c -o boot.o boot.S
gcc  -nostdinc -g  -c -o asm_linkage.o asm_linkage.S
gcc  -nostdinc -g  -c -o asm_paging.o asm_paging.S
gcc  -nostdinc -g  -c -o x86_desc.o x86_desc.S
gcc -Wall -fno-builtin -fno-stack-protector -nostdlib -nostdinc -g  -c -o cmos.o cmos.c
gcc -Wall -fno-builtin -fno-stack-protector -nostdlib -nostdinc -g  -c -o filesystem.o filesystem.c
gcc -Wall -fno-builtin -fno-stack-protector -nostdlib -nostdinc -g  -c -o history.o history.c
gcc -Wall -fno-builtin -fno-stack-protector -nostdlib -nostdinc -g  -c -o i8259.o i8259.c
gcc -Wall -fno-builtin -fno-stack-protector -nostdlib -nostdinc -g  -c -o idt.o idt.c
gcc -Wall -fno-builtin -fno-stack-protector -nostdlib -nostdinc -g  -c -o kernel.o kernel.c
gcc -Wall -fno-builtin -fno-stack-protector -nostdlib -nostdinc -g  -c -o keyboard.o keyboard.c
gcc -Wall -fno-builtin -fno-stack-protector -nostdlib -nostdinc -g  -c -o lib.o lib.c
gcc -Wall -fno-builtin -fno-stack-protector -nostdlib -nostdinc -g  -c -o mouse.o mouse.c
gcc -Wall -fno-builtin -fno-stack-protector -nostdlib -nostdinc -g  -c -o paging.o paging.c
gcc -Wall -fno-builtin -fno-stack-protector -nostdlib -nostdinc -g  -c -o pit.o pit.c
gcc -Wall -fno-builtin -fno-stack-protector -nostdlib -nostdinc -g  -c -o rtc.o rtc.c
gcc -Wall -fno-builtin -fno-stack-protector -nostdlib -nostdinc -g  -c -o schedule.o schedule.c
gcc -Wall -fno-builtin -fno-stack-protector -nostdlib -nostdinc -g  -c -o speaker.o speaker.c
gcc -Wall -fno-builtin -fno-stack-protector -nostdlib -nostdinc -g  -c -o syscall.o syscall.c
gcc -Wall -fno-builtin -fno-stack-protector -nostdlib -nostdinc -g  -c -o terminal.o terminal.c
gcc -Wall -fno-builtin -fno-stack-protector -nostdlib -nostdinc -g  -c -o tests.o tests.c
rm -f bootimg
gcc -nostdlib -static boot.o asm_linkage.o asm_paging.o x86_desc.o cmos.o filesystem.o history.o i8259.o idt.o kernel.o keyboard.o lib.o mouse.o paging.o pit.o rtc.o schedule.o speaker.o syscall.o terminal.o tests.o -Ttext=0x400000 -o bootimg
sudo ./debug.sh
